<?xml version="1.0" encoding="UTF-8"?>
<!-- Generated by org.testng.reporters.JUnitReportReporter -->
<testsuite skipped="0" hostname="DESKTOP-USDDSUO" name="com.tests.HRMHomePageTests" tests="1" failures="0" timestamp="2022-01-02T13:40:45 IST" time="21.321" errors="0">
  <testcase name="LogoutTest" time="21.321" classname="com.tests.HRMHomePageTests"/>
  <system-out/>
</testsuite> <!-- com.tests.HRMHomePageTests -->
